2017-11-12 00:39:01 [scrapy.utils.log] INFO: Scrapy 1.3.3 started (bot: naver_search)
2017-11-12 00:39:01 [scrapy.utils.log] INFO: Overridden settings: {'SPIDER_MODULES': ['naver_search.spiders'], 'NEWSPIDER_MODULE': 'naver_search.spiders', 'LOG_FILE': 'logfile.log', 'LOG_LEVEL': 20, 'BOT_NAME': 'naver_search'}
2017-11-12 00:39:01 [scrapy.middleware] INFO: Enabled extensions:
['scrapy.extensions.telnet.TelnetConsole',
 'scrapy.extensions.corestats.CoreStats',
 'scrapy.extensions.logstats.LogStats']
2017-11-12 00:39:01 [scrapy.middleware] INFO: Enabled downloader middlewares:
['scrapy.downloadermiddlewares.httpauth.HttpAuthMiddleware',
 'scrapy.downloadermiddlewares.downloadtimeout.DownloadTimeoutMiddleware',
 'scrapy.downloadermiddlewares.defaultheaders.DefaultHeadersMiddleware',
 'scrapy.downloadermiddlewares.useragent.UserAgentMiddleware',
 'scrapy.downloadermiddlewares.retry.RetryMiddleware',
 'scrapy.downloadermiddlewares.redirect.MetaRefreshMiddleware',
 'scrapy.downloadermiddlewares.httpcompression.HttpCompressionMiddleware',
 'scrapy.downloadermiddlewares.redirect.RedirectMiddleware',
 'scrapy.downloadermiddlewares.cookies.CookiesMiddleware',
 'scrapy.downloadermiddlewares.stats.DownloaderStats']
2017-11-12 00:39:01 [scrapy.middleware] INFO: Enabled spider middlewares:
['scrapy.spidermiddlewares.httperror.HttpErrorMiddleware',
 'scrapy.spidermiddlewares.offsite.OffsiteMiddleware',
 'scrapy.spidermiddlewares.referer.RefererMiddleware',
 'scrapy.spidermiddlewares.urllength.UrlLengthMiddleware',
 'scrapy.spidermiddlewares.depth.DepthMiddleware']
2017-11-12 00:39:01 [twisted] CRITICAL: Unhandled error in Deferred:
2017-11-12 00:39:01 [twisted] CRITICAL: 
Traceback (most recent call last):
  File "/home/ham/Envs/scrapy/lib/python3.5/site-packages/scrapy/utils/misc.py", line 47, in load_object
    obj = getattr(mod, name)
AttributeError: module 'naver_search.pipelines' has no attribute 'CsvExportPipeline'

During handling of the above exception, another exception occurred:

Traceback (most recent call last):
  File "/home/ham/Envs/scrapy/lib/python3.5/site-packages/twisted/internet/defer.py", line 1301, in _inlineCallbacks
    result = g.send(result)
  File "/home/ham/Envs/scrapy/lib/python3.5/site-packages/scrapy/crawler.py", line 72, in crawl
    self.engine = self._create_engine()
  File "/home/ham/Envs/scrapy/lib/python3.5/site-packages/scrapy/crawler.py", line 97, in _create_engine
    return ExecutionEngine(self, lambda _: self.stop())
  File "/home/ham/Envs/scrapy/lib/python3.5/site-packages/scrapy/core/engine.py", line 70, in __init__
    self.scraper = Scraper(crawler)
  File "/home/ham/Envs/scrapy/lib/python3.5/site-packages/scrapy/core/scraper.py", line 71, in __init__
    self.itemproc = itemproc_cls.from_crawler(crawler)
  File "/home/ham/Envs/scrapy/lib/python3.5/site-packages/scrapy/middleware.py", line 58, in from_crawler
    return cls.from_settings(crawler.settings, crawler)
  File "/home/ham/Envs/scrapy/lib/python3.5/site-packages/scrapy/middleware.py", line 34, in from_settings
    mwcls = load_object(clspath)
  File "/home/ham/Envs/scrapy/lib/python3.5/site-packages/scrapy/utils/misc.py", line 49, in load_object
    raise NameError("Module '%s' doesn't define any object named '%s'" % (module, name))
NameError: Module 'naver_search.pipelines' doesn't define any object named 'CsvExportPipeline'
2017-11-12 00:40:34 [scrapy.utils.log] INFO: Scrapy 1.3.3 started (bot: naver_search)
2017-11-12 00:40:34 [scrapy.utils.log] INFO: Overridden settings: {'LOG_LEVEL': 20, 'BOT_NAME': 'naver_search', 'LOG_FILE': 'logfile.log', 'NEWSPIDER_MODULE': 'naver_search.spiders', 'SPIDER_MODULES': ['naver_search.spiders']}
2017-11-12 00:40:34 [scrapy.middleware] INFO: Enabled extensions:
['scrapy.extensions.logstats.LogStats',
 'scrapy.extensions.telnet.TelnetConsole',
 'scrapy.extensions.corestats.CoreStats']
2017-11-12 00:40:34 [scrapy.middleware] INFO: Enabled downloader middlewares:
['scrapy.downloadermiddlewares.httpauth.HttpAuthMiddleware',
 'scrapy.downloadermiddlewares.downloadtimeout.DownloadTimeoutMiddleware',
 'scrapy.downloadermiddlewares.defaultheaders.DefaultHeadersMiddleware',
 'scrapy.downloadermiddlewares.useragent.UserAgentMiddleware',
 'scrapy.downloadermiddlewares.retry.RetryMiddleware',
 'scrapy.downloadermiddlewares.redirect.MetaRefreshMiddleware',
 'scrapy.downloadermiddlewares.httpcompression.HttpCompressionMiddleware',
 'scrapy.downloadermiddlewares.redirect.RedirectMiddleware',
 'scrapy.downloadermiddlewares.cookies.CookiesMiddleware',
 'scrapy.downloadermiddlewares.stats.DownloaderStats']
2017-11-12 00:40:34 [scrapy.middleware] INFO: Enabled spider middlewares:
['scrapy.spidermiddlewares.httperror.HttpErrorMiddleware',
 'scrapy.spidermiddlewares.offsite.OffsiteMiddleware',
 'scrapy.spidermiddlewares.referer.RefererMiddleware',
 'scrapy.spidermiddlewares.urllength.UrlLengthMiddleware',
 'scrapy.spidermiddlewares.depth.DepthMiddleware']
2017-11-12 00:40:34 [twisted] CRITICAL: Unhandled error in Deferred:
2017-11-12 00:40:34 [twisted] CRITICAL: 
Traceback (most recent call last):
  File "/home/ham/Envs/scrapy/lib/python3.5/site-packages/scrapy/utils/misc.py", line 47, in load_object
    obj = getattr(mod, name)
AttributeError: module 'naver_search.pipelines' has no attribute 'CsvExportPipeline'

During handling of the above exception, another exception occurred:

Traceback (most recent call last):
  File "/home/ham/Envs/scrapy/lib/python3.5/site-packages/twisted/internet/defer.py", line 1301, in _inlineCallbacks
    result = g.send(result)
  File "/home/ham/Envs/scrapy/lib/python3.5/site-packages/scrapy/crawler.py", line 72, in crawl
    self.engine = self._create_engine()
  File "/home/ham/Envs/scrapy/lib/python3.5/site-packages/scrapy/crawler.py", line 97, in _create_engine
    return ExecutionEngine(self, lambda _: self.stop())
  File "/home/ham/Envs/scrapy/lib/python3.5/site-packages/scrapy/core/engine.py", line 70, in __init__
    self.scraper = Scraper(crawler)
  File "/home/ham/Envs/scrapy/lib/python3.5/site-packages/scrapy/core/scraper.py", line 71, in __init__
    self.itemproc = itemproc_cls.from_crawler(crawler)
  File "/home/ham/Envs/scrapy/lib/python3.5/site-packages/scrapy/middleware.py", line 58, in from_crawler
    return cls.from_settings(crawler.settings, crawler)
  File "/home/ham/Envs/scrapy/lib/python3.5/site-packages/scrapy/middleware.py", line 34, in from_settings
    mwcls = load_object(clspath)
  File "/home/ham/Envs/scrapy/lib/python3.5/site-packages/scrapy/utils/misc.py", line 49, in load_object
    raise NameError("Module '%s' doesn't define any object named '%s'" % (module, name))
NameError: Module 'naver_search.pipelines' doesn't define any object named 'CsvExportPipeline'
2017-11-12 00:56:51 [scrapy.utils.log] INFO: Scrapy 1.3.3 started (bot: naver_search)
2017-11-12 00:56:51 [scrapy.utils.log] INFO: Overridden settings: {'BOT_NAME': 'naver_search', 'SPIDER_MODULES': ['naver_search.spiders'], 'LOG_FILE': 'logfile.log', 'LOG_LEVEL': 20, 'NEWSPIDER_MODULE': 'naver_search.spiders'}
2017-11-12 00:56:51 [scrapy.middleware] INFO: Enabled extensions:
['scrapy.extensions.logstats.LogStats',
 'scrapy.extensions.corestats.CoreStats',
 'scrapy.extensions.telnet.TelnetConsole']
2017-11-12 00:56:51 [scrapy.middleware] INFO: Enabled downloader middlewares:
['scrapy.downloadermiddlewares.httpauth.HttpAuthMiddleware',
 'scrapy.downloadermiddlewares.downloadtimeout.DownloadTimeoutMiddleware',
 'scrapy.downloadermiddlewares.defaultheaders.DefaultHeadersMiddleware',
 'scrapy.downloadermiddlewares.useragent.UserAgentMiddleware',
 'scrapy.downloadermiddlewares.retry.RetryMiddleware',
 'scrapy.downloadermiddlewares.redirect.MetaRefreshMiddleware',
 'scrapy.downloadermiddlewares.httpcompression.HttpCompressionMiddleware',
 'scrapy.downloadermiddlewares.redirect.RedirectMiddleware',
 'scrapy.downloadermiddlewares.cookies.CookiesMiddleware',
 'scrapy.downloadermiddlewares.stats.DownloaderStats']
2017-11-12 00:56:51 [scrapy.middleware] INFO: Enabled spider middlewares:
['scrapy.spidermiddlewares.httperror.HttpErrorMiddleware',
 'scrapy.spidermiddlewares.offsite.OffsiteMiddleware',
 'scrapy.spidermiddlewares.referer.RefererMiddleware',
 'scrapy.spidermiddlewares.urllength.UrlLengthMiddleware',
 'scrapy.spidermiddlewares.depth.DepthMiddleware']
2017-11-12 00:56:51 [twisted] CRITICAL: Unhandled error in Deferred:
2017-11-12 00:56:51 [twisted] CRITICAL: 
Traceback (most recent call last):
  File "/home/ham/Envs/scrapy/lib/python3.5/site-packages/scrapy/utils/misc.py", line 47, in load_object
    obj = getattr(mod, name)
AttributeError: module 'naver_search.pipelines' has no attribute 'CsvExportPipeline'

During handling of the above exception, another exception occurred:

Traceback (most recent call last):
  File "/home/ham/Envs/scrapy/lib/python3.5/site-packages/twisted/internet/defer.py", line 1301, in _inlineCallbacks
    result = g.send(result)
  File "/home/ham/Envs/scrapy/lib/python3.5/site-packages/scrapy/crawler.py", line 72, in crawl
    self.engine = self._create_engine()
  File "/home/ham/Envs/scrapy/lib/python3.5/site-packages/scrapy/crawler.py", line 97, in _create_engine
    return ExecutionEngine(self, lambda _: self.stop())
  File "/home/ham/Envs/scrapy/lib/python3.5/site-packages/scrapy/core/engine.py", line 70, in __init__
    self.scraper = Scraper(crawler)
  File "/home/ham/Envs/scrapy/lib/python3.5/site-packages/scrapy/core/scraper.py", line 71, in __init__
    self.itemproc = itemproc_cls.from_crawler(crawler)
  File "/home/ham/Envs/scrapy/lib/python3.5/site-packages/scrapy/middleware.py", line 58, in from_crawler
    return cls.from_settings(crawler.settings, crawler)
  File "/home/ham/Envs/scrapy/lib/python3.5/site-packages/scrapy/middleware.py", line 34, in from_settings
    mwcls = load_object(clspath)
  File "/home/ham/Envs/scrapy/lib/python3.5/site-packages/scrapy/utils/misc.py", line 49, in load_object
    raise NameError("Module '%s' doesn't define any object named '%s'" % (module, name))
NameError: Module 'naver_search.pipelines' doesn't define any object named 'CsvExportPipeline'
2017-11-12 00:59:46 [scrapy.utils.log] INFO: Scrapy 1.3.3 started (bot: naver_search)
2017-11-12 00:59:46 [scrapy.utils.log] INFO: Overridden settings: {'BOT_NAME': 'naver_search', 'SPIDER_MODULES': ['naver_search.spiders'], 'LOG_FILE': 'logfile.log', 'NEWSPIDER_MODULE': 'naver_search.spiders', 'LOG_LEVEL': 20}
2017-11-12 00:59:47 [scrapy.middleware] INFO: Enabled extensions:
['scrapy.extensions.logstats.LogStats',
 'scrapy.extensions.telnet.TelnetConsole',
 'scrapy.extensions.corestats.CoreStats']
2017-11-12 00:59:47 [scrapy.middleware] INFO: Enabled downloader middlewares:
['scrapy.downloadermiddlewares.httpauth.HttpAuthMiddleware',
 'scrapy.downloadermiddlewares.downloadtimeout.DownloadTimeoutMiddleware',
 'scrapy.downloadermiddlewares.defaultheaders.DefaultHeadersMiddleware',
 'scrapy.downloadermiddlewares.useragent.UserAgentMiddleware',
 'scrapy.downloadermiddlewares.retry.RetryMiddleware',
 'scrapy.downloadermiddlewares.redirect.MetaRefreshMiddleware',
 'scrapy.downloadermiddlewares.httpcompression.HttpCompressionMiddleware',
 'scrapy.downloadermiddlewares.redirect.RedirectMiddleware',
 'scrapy.downloadermiddlewares.cookies.CookiesMiddleware',
 'scrapy.downloadermiddlewares.stats.DownloaderStats']
2017-11-12 00:59:47 [scrapy.middleware] INFO: Enabled spider middlewares:
['scrapy.spidermiddlewares.httperror.HttpErrorMiddleware',
 'scrapy.spidermiddlewares.offsite.OffsiteMiddleware',
 'scrapy.spidermiddlewares.referer.RefererMiddleware',
 'scrapy.spidermiddlewares.urllength.UrlLengthMiddleware',
 'scrapy.spidermiddlewares.depth.DepthMiddleware']
2017-11-12 00:59:47 [twisted] CRITICAL: Unhandled error in Deferred:
2017-11-12 00:59:47 [twisted] CRITICAL: 
Traceback (most recent call last):
  File "/home/ham/Envs/scrapy/lib/python3.5/site-packages/scrapy/utils/misc.py", line 47, in load_object
    obj = getattr(mod, name)
AttributeError: module 'naver_search.pipelines' has no attribute 'CsvExportPipeline'

During handling of the above exception, another exception occurred:

Traceback (most recent call last):
  File "/home/ham/Envs/scrapy/lib/python3.5/site-packages/twisted/internet/defer.py", line 1301, in _inlineCallbacks
    result = g.send(result)
  File "/home/ham/Envs/scrapy/lib/python3.5/site-packages/scrapy/crawler.py", line 72, in crawl
    self.engine = self._create_engine()
  File "/home/ham/Envs/scrapy/lib/python3.5/site-packages/scrapy/crawler.py", line 97, in _create_engine
    return ExecutionEngine(self, lambda _: self.stop())
  File "/home/ham/Envs/scrapy/lib/python3.5/site-packages/scrapy/core/engine.py", line 70, in __init__
    self.scraper = Scraper(crawler)
  File "/home/ham/Envs/scrapy/lib/python3.5/site-packages/scrapy/core/scraper.py", line 71, in __init__
    self.itemproc = itemproc_cls.from_crawler(crawler)
  File "/home/ham/Envs/scrapy/lib/python3.5/site-packages/scrapy/middleware.py", line 58, in from_crawler
    return cls.from_settings(crawler.settings, crawler)
  File "/home/ham/Envs/scrapy/lib/python3.5/site-packages/scrapy/middleware.py", line 34, in from_settings
    mwcls = load_object(clspath)
  File "/home/ham/Envs/scrapy/lib/python3.5/site-packages/scrapy/utils/misc.py", line 49, in load_object
    raise NameError("Module '%s' doesn't define any object named '%s'" % (module, name))
NameError: Module 'naver_search.pipelines' doesn't define any object named 'CsvExportPipeline'
2017-11-12 01:01:33 [scrapy.utils.log] INFO: Scrapy 1.3.3 started (bot: naver_search)
2017-11-12 01:01:33 [scrapy.utils.log] INFO: Overridden settings: {'BOT_NAME': 'naver_search', 'NEWSPIDER_MODULE': 'naver_search.spiders', 'LOG_FILE': 'logfile.log', 'LOG_LEVEL': 20, 'SPIDER_MODULES': ['naver_search.spiders']}
2017-11-12 01:01:33 [scrapy.middleware] INFO: Enabled extensions:
['scrapy.extensions.telnet.TelnetConsole',
 'scrapy.extensions.corestats.CoreStats',
 'scrapy.extensions.logstats.LogStats']
2017-11-12 01:01:34 [scrapy.middleware] INFO: Enabled downloader middlewares:
['scrapy.downloadermiddlewares.httpauth.HttpAuthMiddleware',
 'scrapy.downloadermiddlewares.downloadtimeout.DownloadTimeoutMiddleware',
 'scrapy.downloadermiddlewares.defaultheaders.DefaultHeadersMiddleware',
 'scrapy.downloadermiddlewares.useragent.UserAgentMiddleware',
 'scrapy.downloadermiddlewares.retry.RetryMiddleware',
 'scrapy.downloadermiddlewares.redirect.MetaRefreshMiddleware',
 'scrapy.downloadermiddlewares.httpcompression.HttpCompressionMiddleware',
 'scrapy.downloadermiddlewares.redirect.RedirectMiddleware',
 'scrapy.downloadermiddlewares.cookies.CookiesMiddleware',
 'scrapy.downloadermiddlewares.stats.DownloaderStats']
2017-11-12 01:01:34 [scrapy.middleware] INFO: Enabled spider middlewares:
['scrapy.spidermiddlewares.httperror.HttpErrorMiddleware',
 'scrapy.spidermiddlewares.offsite.OffsiteMiddleware',
 'scrapy.spidermiddlewares.referer.RefererMiddleware',
 'scrapy.spidermiddlewares.urllength.UrlLengthMiddleware',
 'scrapy.spidermiddlewares.depth.DepthMiddleware']
2017-11-12 01:01:34 [twisted] CRITICAL: Unhandled error in Deferred:
2017-11-12 01:01:34 [twisted] CRITICAL: 
Traceback (most recent call last):
  File "/home/ham/Envs/scrapy/lib/python3.5/site-packages/scrapy/utils/misc.py", line 47, in load_object
    obj = getattr(mod, name)
AttributeError: module 'naver_search.pipelines' has no attribute 'CsvExportPipeline'

During handling of the above exception, another exception occurred:

Traceback (most recent call last):
  File "/home/ham/Envs/scrapy/lib/python3.5/site-packages/twisted/internet/defer.py", line 1301, in _inlineCallbacks
    result = g.send(result)
  File "/home/ham/Envs/scrapy/lib/python3.5/site-packages/scrapy/crawler.py", line 72, in crawl
    self.engine = self._create_engine()
  File "/home/ham/Envs/scrapy/lib/python3.5/site-packages/scrapy/crawler.py", line 97, in _create_engine
    return ExecutionEngine(self, lambda _: self.stop())
  File "/home/ham/Envs/scrapy/lib/python3.5/site-packages/scrapy/core/engine.py", line 70, in __init__
    self.scraper = Scraper(crawler)
  File "/home/ham/Envs/scrapy/lib/python3.5/site-packages/scrapy/core/scraper.py", line 71, in __init__
    self.itemproc = itemproc_cls.from_crawler(crawler)
  File "/home/ham/Envs/scrapy/lib/python3.5/site-packages/scrapy/middleware.py", line 58, in from_crawler
    return cls.from_settings(crawler.settings, crawler)
  File "/home/ham/Envs/scrapy/lib/python3.5/site-packages/scrapy/middleware.py", line 34, in from_settings
    mwcls = load_object(clspath)
  File "/home/ham/Envs/scrapy/lib/python3.5/site-packages/scrapy/utils/misc.py", line 49, in load_object
    raise NameError("Module '%s' doesn't define any object named '%s'" % (module, name))
NameError: Module 'naver_search.pipelines' doesn't define any object named 'CsvExportPipeline'
2017-11-12 01:09:58 [scrapy.utils.log] INFO: Scrapy 1.3.3 started (bot: naver_search)
2017-11-12 01:09:58 [scrapy.utils.log] INFO: Overridden settings: {'LOG_FILE': 'logfile.log', 'SPIDER_MODULES': ['naver_search.spiders'], 'LOG_LEVEL': 20, 'NEWSPIDER_MODULE': 'naver_search.spiders', 'BOT_NAME': 'naver_search'}
2017-11-12 01:09:58 [scrapy.middleware] INFO: Enabled extensions:
['scrapy.extensions.telnet.TelnetConsole',
 'scrapy.extensions.corestats.CoreStats',
 'scrapy.extensions.logstats.LogStats']
2017-11-12 01:09:58 [scrapy.middleware] INFO: Enabled downloader middlewares:
['scrapy.downloadermiddlewares.httpauth.HttpAuthMiddleware',
 'scrapy.downloadermiddlewares.downloadtimeout.DownloadTimeoutMiddleware',
 'scrapy.downloadermiddlewares.defaultheaders.DefaultHeadersMiddleware',
 'scrapy.downloadermiddlewares.useragent.UserAgentMiddleware',
 'scrapy.downloadermiddlewares.retry.RetryMiddleware',
 'scrapy.downloadermiddlewares.redirect.MetaRefreshMiddleware',
 'scrapy.downloadermiddlewares.httpcompression.HttpCompressionMiddleware',
 'scrapy.downloadermiddlewares.redirect.RedirectMiddleware',
 'scrapy.downloadermiddlewares.cookies.CookiesMiddleware',
 'scrapy.downloadermiddlewares.stats.DownloaderStats']
2017-11-12 01:09:58 [scrapy.middleware] INFO: Enabled spider middlewares:
['scrapy.spidermiddlewares.httperror.HttpErrorMiddleware',
 'scrapy.spidermiddlewares.offsite.OffsiteMiddleware',
 'scrapy.spidermiddlewares.referer.RefererMiddleware',
 'scrapy.spidermiddlewares.urllength.UrlLengthMiddleware',
 'scrapy.spidermiddlewares.depth.DepthMiddleware']
2017-11-12 01:09:58 [twisted] CRITICAL: Unhandled error in Deferred:
2017-11-12 01:09:58 [twisted] CRITICAL: 
Traceback (most recent call last):
  File "/home/ham/Envs/scrapy/lib/python3.5/site-packages/scrapy/utils/misc.py", line 47, in load_object
    obj = getattr(mod, name)
AttributeError: module 'naver_search.pipelines' has no attribute 'CsvExportPipeline'

During handling of the above exception, another exception occurred:

Traceback (most recent call last):
  File "/home/ham/Envs/scrapy/lib/python3.5/site-packages/twisted/internet/defer.py", line 1301, in _inlineCallbacks
    result = g.send(result)
  File "/home/ham/Envs/scrapy/lib/python3.5/site-packages/scrapy/crawler.py", line 72, in crawl
    self.engine = self._create_engine()
  File "/home/ham/Envs/scrapy/lib/python3.5/site-packages/scrapy/crawler.py", line 97, in _create_engine
    return ExecutionEngine(self, lambda _: self.stop())
  File "/home/ham/Envs/scrapy/lib/python3.5/site-packages/scrapy/core/engine.py", line 70, in __init__
    self.scraper = Scraper(crawler)
  File "/home/ham/Envs/scrapy/lib/python3.5/site-packages/scrapy/core/scraper.py", line 71, in __init__
    self.itemproc = itemproc_cls.from_crawler(crawler)
  File "/home/ham/Envs/scrapy/lib/python3.5/site-packages/scrapy/middleware.py", line 58, in from_crawler
    return cls.from_settings(crawler.settings, crawler)
  File "/home/ham/Envs/scrapy/lib/python3.5/site-packages/scrapy/middleware.py", line 34, in from_settings
    mwcls = load_object(clspath)
  File "/home/ham/Envs/scrapy/lib/python3.5/site-packages/scrapy/utils/misc.py", line 49, in load_object
    raise NameError("Module '%s' doesn't define any object named '%s'" % (module, name))
NameError: Module 'naver_search.pipelines' doesn't define any object named 'CsvExportPipeline'
2017-11-12 02:02:59 [scrapy.utils.log] INFO: Scrapy 1.3.3 started (bot: naver_search)
2017-11-12 02:02:59 [scrapy.utils.log] INFO: Overridden settings: {'SPIDER_MODULES': ['naver_search.spiders'], 'NEWSPIDER_MODULE': 'naver_search.spiders', 'LOG_FILE': 'logfile.log', 'LOG_LEVEL': 20, 'BOT_NAME': 'naver_search'}
2017-11-12 02:03:00 [scrapy.middleware] INFO: Enabled extensions:
['scrapy.extensions.corestats.CoreStats',
 'scrapy.extensions.logstats.LogStats',
 'scrapy.extensions.telnet.TelnetConsole']
2017-11-12 02:03:00 [scrapy.middleware] INFO: Enabled downloader middlewares:
['scrapy.downloadermiddlewares.httpauth.HttpAuthMiddleware',
 'scrapy.downloadermiddlewares.downloadtimeout.DownloadTimeoutMiddleware',
 'scrapy.downloadermiddlewares.defaultheaders.DefaultHeadersMiddleware',
 'scrapy.downloadermiddlewares.useragent.UserAgentMiddleware',
 'scrapy.downloadermiddlewares.retry.RetryMiddleware',
 'scrapy.downloadermiddlewares.redirect.MetaRefreshMiddleware',
 'scrapy.downloadermiddlewares.httpcompression.HttpCompressionMiddleware',
 'scrapy.downloadermiddlewares.redirect.RedirectMiddleware',
 'scrapy.downloadermiddlewares.cookies.CookiesMiddleware',
 'scrapy.downloadermiddlewares.stats.DownloaderStats']
2017-11-12 02:03:00 [scrapy.middleware] INFO: Enabled spider middlewares:
['scrapy.spidermiddlewares.httperror.HttpErrorMiddleware',
 'scrapy.spidermiddlewares.offsite.OffsiteMiddleware',
 'scrapy.spidermiddlewares.referer.RefererMiddleware',
 'scrapy.spidermiddlewares.urllength.UrlLengthMiddleware',
 'scrapy.spidermiddlewares.depth.DepthMiddleware']
2017-11-12 02:03:00 [twisted] CRITICAL: Unhandled error in Deferred:
2017-11-12 02:03:00 [twisted] CRITICAL: 
Traceback (most recent call last):
  File "/home/ham/Envs/scrapy/lib/python3.5/site-packages/scrapy/utils/misc.py", line 47, in load_object
    obj = getattr(mod, name)
AttributeError: module 'naver_search.pipelines' has no attribute 'CsvExportPipeline'

During handling of the above exception, another exception occurred:

Traceback (most recent call last):
  File "/home/ham/Envs/scrapy/lib/python3.5/site-packages/twisted/internet/defer.py", line 1301, in _inlineCallbacks
    result = g.send(result)
  File "/home/ham/Envs/scrapy/lib/python3.5/site-packages/scrapy/crawler.py", line 72, in crawl
    self.engine = self._create_engine()
  File "/home/ham/Envs/scrapy/lib/python3.5/site-packages/scrapy/crawler.py", line 97, in _create_engine
    return ExecutionEngine(self, lambda _: self.stop())
  File "/home/ham/Envs/scrapy/lib/python3.5/site-packages/scrapy/core/engine.py", line 70, in __init__
    self.scraper = Scraper(crawler)
  File "/home/ham/Envs/scrapy/lib/python3.5/site-packages/scrapy/core/scraper.py", line 71, in __init__
    self.itemproc = itemproc_cls.from_crawler(crawler)
  File "/home/ham/Envs/scrapy/lib/python3.5/site-packages/scrapy/middleware.py", line 58, in from_crawler
    return cls.from_settings(crawler.settings, crawler)
  File "/home/ham/Envs/scrapy/lib/python3.5/site-packages/scrapy/middleware.py", line 34, in from_settings
    mwcls = load_object(clspath)
  File "/home/ham/Envs/scrapy/lib/python3.5/site-packages/scrapy/utils/misc.py", line 49, in load_object
    raise NameError("Module '%s' doesn't define any object named '%s'" % (module, name))
NameError: Module 'naver_search.pipelines' doesn't define any object named 'CsvExportPipeline'
